<?xml version="1.0" encoding="UTF-8"?>
<!-- Generated by org.testng.reporters.JUnitReportReporter -->
<testsuite skipped="0" hostname="clouds-MacBook-Air.local" name="com.TestCase.Login_Yahoo" tests="1" failures="0" timestamp="16 Oct 2020 22:48:19 GMT" time="3.988" errors="0">
  <testcase name="loginYahoo" time="3.988" classname="com.TestCase.Login_Yahoo"/>
</testsuite> <!-- com.TestCase.Login_Yahoo -->
